<?xml version="1.0" encoding="utf-8"?><testsuites name="pytest tests"><testsuite name="pytest" errors="0" failures="2" skipped="0" tests="18" time="7.623" timestamp="2026-01-12T17:00:16.985987+00:00" hostname="agent-env-d0dca065-bcec-4c6f-bcba-96d01e54802a"><testcase classname="tests.test_fly8_backend.TestHealthAndRoot" name="test_root_endpoint" time="0.147" /><testcase classname="tests.test_fly8_backend.TestHealthAndRoot" name="test_health_endpoint" time="0.079" /><testcase classname="tests.test_fly8_backend.TestAuthentication" name="test_login_super_admin_success" time="0.588" /><testcase classname="tests.test_fly8_backend.TestAuthentication" name="test_login_student_success" time="0.163" /><testcase classname="tests.test_fly8_backend.TestAuthentication" name="test_login_counselor_success" time="0.290"><failure message="assert 401 == 200&#10; +  where 401 = &lt;Response [401]&gt;.status_code">tests/test_fly8_backend.py:68: in test_login_counselor_success
    assert response.status_code == 200
E   assert 401 == 200
E    +  where 401 = &lt;Response [401]&gt;.status_code</failure></testcase><testcase classname="tests.test_fly8_backend.TestAuthentication" name="test_login_agent_success" time="0.176"><failure message="assert 401 == 200&#10; +  where 401 = &lt;Response [401]&gt;.status_code">tests/test_fly8_backend.py:80: in test_login_agent_success
    assert response.status_code == 200
E   assert 401 == 200
E    +  where 401 = &lt;Response [401]&gt;.status_code</failure></testcase><testcase classname="tests.test_fly8_backend.TestAuthentication" name="test_login_invalid_credentials" time="0.086" /><testcase classname="tests.test_fly8_backend.TestAuthentication" name="test_get_me_with_valid_token" time="0.586" /><testcase classname="tests.test_fly8_backend.TestAuthentication" name="test_get_me_without_token" time="0.092" /><testcase classname="tests.test_fly8_backend.TestAdminEndpoints" name="test_get_admin_metrics" time="0.537" /><testcase classname="tests.test_fly8_backend.TestAdminEndpoints" name="test_get_all_students" time="0.723" /><testcase classname="tests.test_fly8_backend.TestAdminEndpoints" name="test_get_all_counselors" time="0.538" /><testcase classname="tests.test_fly8_backend.TestAdminEndpoints" name="test_get_all_agents" time="0.556" /><testcase classname="tests.test_fly8_backend.TestAdminEndpoints" name="test_admin_endpoints_require_auth" time="0.844" /><testcase classname="tests.test_fly8_backend.TestAdminEndpoints" name="test_admin_endpoints_require_super_admin_role" time="0.804" /><testcase classname="tests.test_fly8_backend.TestServiceEndpoints" name="test_get_services" time="0.080" /><testcase classname="tests.test_fly8_backend.TestStudentEndpoints" name="test_get_student_profile" time="0.431" /><testcase classname="tests.test_fly8_backend.TestStudentEndpoints" name="test_get_student_applications" time="0.363" /></testsuite></testsuites>