<?xml version="1.0" encoding="utf-8"?><testsuites name="pytest tests"><testsuite name="pytest" errors="0" failures="0" skipped="0" tests="18" time="10.204" timestamp="2026-01-12T17:01:34.584689+00:00" hostname="agent-env-d0dca065-bcec-4c6f-bcba-96d01e54802a"><testcase classname="tests.test_fly8_backend.TestHealthAndRoot" name="test_root_endpoint" time="0.165" /><testcase classname="tests.test_fly8_backend.TestHealthAndRoot" name="test_health_endpoint" time="0.143" /><testcase classname="tests.test_fly8_backend.TestAuthentication" name="test_login_super_admin_success" time="0.617" /><testcase classname="tests.test_fly8_backend.TestAuthentication" name="test_login_student_success" time="0.459" /><testcase classname="tests.test_fly8_backend.TestAuthentication" name="test_login_counselor_success" time="0.459" /><testcase classname="tests.test_fly8_backend.TestAuthentication" name="test_login_agent_success" time="0.501" /><testcase classname="tests.test_fly8_backend.TestAuthentication" name="test_login_invalid_credentials" time="0.125" /><testcase classname="tests.test_fly8_backend.TestAuthentication" name="test_get_me_with_valid_token" time="1.028" /><testcase classname="tests.test_fly8_backend.TestAuthentication" name="test_get_me_without_token" time="0.252" /><testcase classname="tests.test_fly8_backend.TestAdminEndpoints" name="test_get_admin_metrics" time="0.753" /><testcase classname="tests.test_fly8_backend.TestAdminEndpoints" name="test_get_all_students" time="0.646" /><testcase classname="tests.test_fly8_backend.TestAdminEndpoints" name="test_get_all_counselors" time="0.572" /><testcase classname="tests.test_fly8_backend.TestAdminEndpoints" name="test_get_all_agents" time="0.546" /><testcase classname="tests.test_fly8_backend.TestAdminEndpoints" name="test_admin_endpoints_require_auth" time="0.938" /><testcase classname="tests.test_fly8_backend.TestAdminEndpoints" name="test_admin_endpoints_require_super_admin_role" time="0.975" /><testcase classname="tests.test_fly8_backend.TestServiceEndpoints" name="test_get_services" time="0.086" /><testcase classname="tests.test_fly8_backend.TestStudentEndpoints" name="test_get_student_profile" time="0.583" /><testcase classname="tests.test_fly8_backend.TestStudentEndpoints" name="test_get_student_applications" time="0.950" /></testsuite></testsuites>